
**** Build of configuration Debug for project balance-bot ****

"C:\\ti\\ccsv8\\utils\\bin\\gmake" -k -j 8 all -O 
 
Building file: "../main.c"
Invoking: ARM Compiler
"C:/ti/ccsv8/tools/compiler/ti-cgt-arm_18.1.5.LTS/bin/armcl" -mv7M4 --code_state=16 --float_support=FPv4SPD16 -me --include_path="C:/ti/ccsv8/ccs_base/arm/include" --include_path="C:/Users/Lucas/Documents/git/balance-bot/msp-ws/balance-bot/driverlib/MSP432P4xx" --include_path="C:/ti/ccsv8/ccs_base/arm/include/CMSIS" --include_path="C:/Users/Lucas/Documents/git/balance-bot/msp-ws/balance-bot" --include_path="C:/ti/ccsv8/tools/compiler/ti-cgt-arm_18.1.5.LTS/include" --advice:power=all --define=__MSP432P401R__ --define=ccs -g --gcc --diag_warning=225 --diag_wrap=off --display_error_number --abi=eabi --preproc_with_compile --preproc_dependency="main.d_raw"  "../main.c"
"C:/ti/ccsv8/tools/compiler/ti-cgt-arm_18.1.5.LTS/include/_defs.h", line 269 (col. 27): remark #1531-D: (ULP 5.2) Detected floating point operation(s). Recommend moving them to RAM during run time or not using as these are processing/power intensive
"C:/ti/ccsv8/tools/compiler/ti-cgt-arm_18.1.5.LTS/include/_defs.h", line 270 (col. 10): remark #1531-D: (ULP 5.2) Detected floating point operation(s). Recommend moving them to RAM during run time or not using as these are processing/power intensive
"C:/ti/ccsv8/tools/compiler/ti-cgt-arm_18.1.5.LTS/include/_defs.h", line 273 (col. 27): remark #1531-D: (ULP 5.2) Detected floating point operation(s). Recommend moving them to RAM during run time or not using as these are processing/power intensive
"C:/ti/ccsv8/tools/compiler/ti-cgt-arm_18.1.5.LTS/include/_defs.h", line 274 (col. 10): remark #1531-D: (ULP 5.2) Detected floating point operation(s). Recommend moving them to RAM during run time or not using as these are processing/power intensive
"C:/ti/ccsv8/tools/compiler/ti-cgt-arm_18.1.5.LTS/include/_defs.h", line 276 (col. 27): remark #1531-D: (ULP 5.2) Detected floating point operation(s). Recommend moving them to RAM during run time or not using as these are processing/power intensive
"C:/ti/ccsv8/tools/compiler/ti-cgt-arm_18.1.5.LTS/include/_defs.h", line 277 (col. 10): remark #1531-D: (ULP 5.2) Detected floating point operation(s). Recommend moving them to RAM during run time or not using as these are processing/power intensive
"C:/ti/ccsv8/tools/compiler/ti-cgt-arm_18.1.5.LTS/include/_defs.h", line 278 (col. 10): remark #1531-D: (ULP 5.2) Detected floating point operation(s). Recommend moving them to RAM during run time or not using as these are processing/power intensive
"C:/ti/ccsv8/tools/compiler/ti-cgt-arm_18.1.5.LTS/include/_defs.h", line 282 (col. 27): remark #1531-D: (ULP 5.2) Detected floating point operation(s). Recommend moving them to RAM during run time or not using as these are processing/power intensive
"C:/ti/ccsv8/tools/compiler/ti-cgt-arm_18.1.5.LTS/include/_defs.h", line 283 (col. 10): remark #1531-D: (ULP 5.2) Detected floating point operation(s). Recommend moving them to RAM during run time or not using as these are processing/power intensive
"C:/ti/ccsv8/tools/compiler/ti-cgt-arm_18.1.5.LTS/include/_defs.h", line 284 (col. 10): remark #1531-D: (ULP 5.2) Detected floating point operation(s). Recommend moving them to RAM during run time or not using as these are processing/power intensive
"C:/ti/ccsv8/tools/compiler/ti-cgt-arm_18.1.5.LTS/include/_defs.h", line 286 (col. 27): remark #1531-D: (ULP 5.2) Detected floating point operation(s). Recommend moving them to RAM during run time or not using as these are processing/power intensive
"C:/ti/ccsv8/tools/compiler/ti-cgt-arm_18.1.5.LTS/include/_defs.h", line 287 (col. 11): remark #1531-D: (ULP 5.2) Detected floating point operation(s). Recommend moving them to RAM during run time or not using as these are processing/power intensive
"C:/ti/ccsv8/tools/compiler/ti-cgt-arm_18.1.5.LTS/include/_defs.h", line 288 (col. 11): remark #1531-D: (ULP 5.2) Detected floating point operation(s). Recommend moving them to RAM during run time or not using as these are processing/power intensive
"C:/ti/ccsv8/tools/compiler/ti-cgt-arm_18.1.5.LTS/include/_defs.h", line 294 (col. 27): remark #1531-D: (ULP 5.2) Detected floating point operation(s). Recommend moving them to RAM during run time or not using as these are processing/power intensive
"C:/ti/ccsv8/tools/compiler/ti-cgt-arm_18.1.5.LTS/include/_defs.h", line 295 (col. 11): remark #1531-D: (ULP 5.2) Detected floating point operation(s). Recommend moving them to RAM during run time or not using as these are processing/power intensive
"C:/ti/ccsv8/tools/compiler/ti-cgt-arm_18.1.5.LTS/include/_defs.h", line 296 (col. 11): remark #1531-D: (ULP 5.2) Detected floating point operation(s). Recommend moving them to RAM during run time or not using as these are processing/power intensive
"C:/ti/ccsv8/tools/compiler/ti-cgt-arm_18.1.5.LTS/include/_defs.h", line 298 (col. 27): remark #1531-D: (ULP 5.2) Detected floating point operation(s). Recommend moving them to RAM during run time or not using as these are processing/power intensive
"C:/ti/ccsv8/tools/compiler/ti-cgt-arm_18.1.5.LTS/include/_defs.h", line 299 (col. 10): remark #1531-D: (ULP 5.2) Detected floating point operation(s). Recommend moving them to RAM during run time or not using as these are processing/power intensive
"C:/ti/ccsv8/tools/compiler/ti-cgt-arm_18.1.5.LTS/include/_defs.h", line 302 (col. 27): remark #1531-D: (ULP 5.2) Detected floating point operation(s). Recommend moving them to RAM during run time or not using as these are processing/power intensive
"C:/ti/ccsv8/tools/compiler/ti-cgt-arm_18.1.5.LTS/include/_defs.h", line 303 (col. 10): remark #1531-D: (ULP 5.2) Detected floating point operation(s). Recommend moving them to RAM during run time or not using as these are processing/power intensive
"C:/ti/ccsv8/tools/compiler/ti-cgt-arm_18.1.5.LTS/include/_defs.h", line 311 (col. 27): remark #1531-D: (ULP 5.2) Detected floating point operation(s). Recommend moving them to RAM during run time or not using as these are processing/power intensive
"C:/ti/ccsv8/tools/compiler/ti-cgt-arm_18.1.5.LTS/include/_defs.h", line 312 (col. 10): remark #1531-D: (ULP 5.2) Detected floating point operation(s). Recommend moving them to RAM during run time or not using as these are processing/power intensive
"C:/ti/ccsv8/tools/compiler/ti-cgt-arm_18.1.5.LTS/include/_defs.h", line 313 (col. 27): remark #1531-D: (ULP 5.2) Detected floating point operation(s). Recommend moving them to RAM during run time or not using as these are processing/power intensive
"C:/ti/ccsv8/tools/compiler/ti-cgt-arm_18.1.5.LTS/include/_defs.h", line 314 (col. 10): remark #1531-D: (ULP 5.2) Detected floating point operation(s). Recommend moving them to RAM during run time or not using as these are processing/power intensive
"C:/ti/ccsv8/tools/compiler/ti-cgt-arm_18.1.5.LTS/include/_defs.h", line 348 (col. 27): remark #1531-D: (ULP 5.2) Detected floating point operation(s). Recommend moving them to RAM during run time or not using as these are processing/power intensive
"C:/ti/ccsv8/tools/compiler/ti-cgt-arm_18.1.5.LTS/include/_defs.h", line 350 (col. 9): remark #1531-D: (ULP 5.2) Detected floating point operation(s). Recommend moving them to RAM during run time or not using as these are processing/power intensive
"C:/ti/ccsv8/tools/compiler/ti-cgt-arm_18.1.5.LTS/include/_defs.h", line 352 (col. 13): remark #1531-D: (ULP 5.2) Detected floating point operation(s). Recommend moving them to RAM during run time or not using as these are processing/power intensive
"C:/ti/ccsv8/tools/compiler/ti-cgt-arm_18.1.5.LTS/include/_defs.h", line 356 (col. 9): remark #1531-D: (ULP 5.2) Detected floating point operation(s). Recommend moving them to RAM during run time or not using as these are processing/power intensive
"C:/ti/ccsv8/tools/compiler/ti-cgt-arm_18.1.5.LTS/include/_defs.h", line 358 (col. 13): remark #1531-D: (ULP 5.2) Detected floating point operation(s). Recommend moving them to RAM during run time or not using as these are processing/power intensive
"C:/ti/ccsv8/tools/compiler/ti-cgt-arm_18.1.5.LTS/include/_defs.h", line 365 (col. 27): remark #1531-D: (ULP 5.2) Detected floating point operation(s). Recommend moving them to RAM during run time or not using as these are processing/power intensive
"C:/ti/ccsv8/tools/compiler/ti-cgt-arm_18.1.5.LTS/include/_defs.h", line 367 (col. 9): remark #1531-D: (ULP 5.2) Detected floating point operation(s). Recommend moving them to RAM during run time or not using as these are processing/power intensive
"C:/ti/ccsv8/tools/compiler/ti-cgt-arm_18.1.5.LTS/include/_defs.h", line 369 (col. 13): remark #1531-D: (ULP 5.2) Detected floating point operation(s). Recommend moving them to RAM during run time or not using as these are processing/power intensive
"C:/ti/ccsv8/tools/compiler/ti-cgt-arm_18.1.5.LTS/include/_defs.h", line 373 (col. 9): remark #1531-D: (ULP 5.2) Detected floating point operation(s). Recommend moving them to RAM during run time or not using as these are processing/power intensive
"C:/ti/ccsv8/tools/compiler/ti-cgt-arm_18.1.5.LTS/include/_defs.h", line 375 (col. 13): remark #1531-D: (ULP 5.2) Detected floating point operation(s). Recommend moving them to RAM during run time or not using as these are processing/power intensive
"../main.c", line 405 (col. 12): remark #1531-D: (ULP 5.2) Detected floating point operation(s). Recommend moving them to RAM during run time or not using as these are processing/power intensive
"../main.c", line 406 (col. 12): remark #1531-D: (ULP 5.2) Detected floating point operation(s). Recommend moving them to RAM during run time or not using as these are processing/power intensive
"../main.c", line 407 (col. 12): remark #1531-D: (ULP 5.2) Detected floating point operation(s). Recommend moving them to RAM during run time or not using as these are processing/power intensive
"../main.c", line 408 (col. 12): remark #1531-D: (ULP 5.2) Detected floating point operation(s). Recommend moving them to RAM during run time or not using as these are processing/power intensive
"../main.c", line 429 (col. 17): remark #1531-D: (ULP 5.2) Detected floating point operation(s). Recommend moving them to RAM during run time or not using as these are processing/power intensive
Finished building: "../main.c"
 
Building target: "balance-bot.out"
Invoking: ARM Linker
"C:/ti/ccsv8/tools/compiler/ti-cgt-arm_18.1.5.LTS/bin/armcl" -mv7M4 --code_state=16 --float_support=FPv4SPD16 -me --advice:power=all --define=__MSP432P401R__ --define=ccs -g --gcc --diag_warning=225 --diag_wrap=off --display_error_number --abi=eabi -z -m"balance-bot.map" --heap_size=1024 --stack_size=512 -i"C:/ti/ccsv8/ccs_base/arm/include" -i"C:/ti/ccsv8/tools/compiler/ti-cgt-arm_18.1.5.LTS/lib" -i"C:/ti/ccsv8/tools/compiler/ti-cgt-arm_18.1.5.LTS/include" --reread_libs --diag_wrap=off --display_error_number --warn_sections --xml_link_info="balance-bot_linkInfo.xml" --rom_model -o "balance-bot.out" "./enc.obj" "./i2c_cust.obj" "./init.obj" "./main.obj" "./motor.obj" "./mpu6050.obj" "./startup_msp432p401r_ccs.obj" "./system_msp432p401r.obj" "./uart_cust.obj" "./util.obj" "./driverlib/MSP432P4xx/adc14.obj" "./driverlib/MSP432P4xx/aes256.obj" "./driverlib/MSP432P4xx/comp_e.obj" "./driverlib/MSP432P4xx/cpu.obj" "./driverlib/MSP432P4xx/crc32.obj" "./driverlib/MSP432P4xx/cs.obj" "./driverlib/MSP432P4xx/dma.obj" "./driverlib/MSP432P4xx/flash.obj" "./driverlib/MSP432P4xx/fpu.obj" "./driverlib/MSP432P4xx/gpio.obj" "./driverlib/MSP432P4xx/i2c.obj" "./driverlib/MSP432P4xx/interrupt.obj" "./driverlib/MSP432P4xx/mpu.obj" "./driverlib/MSP432P4xx/pcm.obj" "./driverlib/MSP432P4xx/pmap.obj" "./driverlib/MSP432P4xx/pss.obj" "./driverlib/MSP432P4xx/ref_a.obj" "./driverlib/MSP432P4xx/reset.obj" "./driverlib/MSP432P4xx/rtc_c.obj" "./driverlib/MSP432P4xx/spi.obj" "./driverlib/MSP432P4xx/sysctl.obj" "./driverlib/MSP432P4xx/systick.obj" "./driverlib/MSP432P4xx/timer32.obj" "./driverlib/MSP432P4xx/timer_a.obj" "./driverlib/MSP432P4xx/uart.obj" "./driverlib/MSP432P4xx/wdt_a.obj" "../msp432p401r.cmd" "../driverlib/MSP432P4xx/ccs/msp432p4xx_driverlib.lib" "../driverlib/MSP432P4xx/keil/msp432p4xx_driverlib.lib"  -llibc.a   ../driverlib/MSP432P4xx/ewarm/msp432p4xx_driverlib.a  ../driverlib/MSP432P4xx/gcc/msp432p4xx_driverlib.a 
<Linking>
remark #10371-D: (ULP 1.1) Detected no uses of low power mode state changing instructions
remark #10372-D: (ULP 4.1) Detected uninitialized Port 1 in this project. Recommend initializing all unused ports to eliminate wasted current consumption on unused pins.
remark #10372-D: (ULP 4.1) Detected uninitialized Port 2 in this project. Recommend initializing all unused ports to eliminate wasted current consumption on unused pins.
remark #10372-D: (ULP 4.1) Detected uninitialized Port 3 in this project. Recommend initializing all unused ports to eliminate wasted current consumption on unused pins.
remark #10372-D: (ULP 4.1) Detected uninitialized Port 4 in this project. Recommend initializing all unused ports to eliminate wasted current consumption on unused pins.
remark #10372-D: (ULP 4.1) Detected uninitialized Port 5 in this project. Recommend initializing all unused ports to eliminate wasted current consumption on unused pins.
remark #10372-D: (ULP 4.1) Detected uninitialized Port 6 in this project. Recommend initializing all unused ports to eliminate wasted current consumption on unused pins.
remark #10372-D: (ULP 4.1) Detected uninitialized Port 7 in this project. Recommend initializing all unused ports to eliminate wasted current consumption on unused pins.
remark #10372-D: (ULP 4.1) Detected uninitialized Port 8 in this project. Recommend initializing all unused ports to eliminate wasted current consumption on unused pins.
remark #10372-D: (ULP 4.1) Detected uninitialized Port 9 in this project. Recommend initializing all unused ports to eliminate wasted current consumption on unused pins.
remark #10372-D: (ULP 4.1) Detected uninitialized Port 10 in this project. Recommend initializing all unused ports to eliminate wasted current consumption on unused pins.
Finished building target: "balance-bot.out"
 

**** Build Finished ****
